::1 - - [02/Dec/2016:09:26:37 +0200] "GET /phpmyadmin/ HTTP/1.1" 200 7945
::1 - - [02/Dec/2016:09:26:38 +0200] "GET /phpmyadmin/phpmyadmin.css.php?server=1&token=ffc4768daf2d0fd75d4adf0882b49f85&nocache=4125195912ltr HTTP/1.1" 200 88608
::1 - - [02/Dec/2016:09:26:38 +0200] "GET /phpmyadmin/js/messages.php?lang=en&db=&server=0&token=cadfeb3ee62a9999583e9969ea87c0fa HTTP/1.1" 200 16674
::1 - - [02/Dec/2016:09:26:38 +0200] "GET /phpmyadmin/js/get_image.js.php?theme=pmahomme HTTP/1.1" 200 6263
::1 - - [02/Dec/2016:09:26:38 +0200] "GET /phpmyadmin/js/get_scripts.js.php?scripts[]=jquery/jquery-1.8.3.js&scripts[]=ajax.js&scripts[]=keyhandler.js&scripts[]=jquery/jquery-ui-1.9.2.custom.js&scripts[]=jquery/jquery.sprintf.js&scripts[]=jquery/jquery.cookie.js&scripts[]=jquery/jquery.mousewheel.js&scripts[]=jquery/jquery.event.drag-2.2.js&scripts[]=jquery/jquery-ui-timepicker-addon.js&scripts[]=jquery/jquery.ba-hashchange-1.3.js&scripts[]=jquery/jquery.debounce-1.0.5.js&scripts[]=jquery/jquery.menuResizer-1.0.js&scripts[]=rte.js&scripts[]=functions.js&scripts[]=navigation.js&scripts[]=indexes.js&scripts[]=common.js&scripts[]=codemirror/lib/codemirror.js&scripts[]=codemirror/mode/mysql/mysql.js HTTP/1.1" 200 578562
::1 - - [02/Dec/2016:09:28:42 +0200] "POST /phpmyadmin/index.php HTTP/1.1" 302 -
::1 - - [02/Dec/2016:09:28:42 +0200] "GET /phpmyadmin/index.php?token=ffc4768daf2d0fd75d4adf0882b49f85 HTTP/1.1" 200 43744
::1 - - [02/Dec/2016:09:28:46 +0200] "GET /phpmyadmin/phpmyadmin.css.php?server=1&token=ffc4768daf2d0fd75d4adf0882b49f85&nocache=5605859638ltr HTTP/1.1" 200 88608
::1 - - [02/Dec/2016:09:28:46 +0200] "GET /phpmyadmin/js/messages.php?lang=en&db=&server=0&token=ffc4768daf2d0fd75d4adf0882b49f85 HTTP/1.1" 200 16674
::1 - - [02/Dec/2016:09:28:46 +0200] "GET /phpmyadmin/version_check.php?&_nocache=1480663726625271284 HTTP/1.1" 200 41
::1 - - [02/Dec/2016:09:28:49 +0200] "GET /phpmyadmin/navigation.php?ajax_request=1&token=ffc4768daf2d0fd75d4adf0882b49f85&aPath=cm9vdA%3D%3D.bWVkYXNzaWduMDM%3D&vPath=cm9vdA%3D%3D.bWVkYXNzaWduMDM%3D&pos=0&pos2_name=&pos2_value=&searchClause=&searchClause2=&_nocache=1480663729278544679 HTTP/1.1" 200 1397
::1 - - [02/Dec/2016:09:28:52 +0200] "GET /phpmyadmin/sql.php?server=1&db=medassign03&table=medontologylog&pos=0&token=ffc4768daf2d0fd75d4adf0882b49f85&ajax_request=true&ajax_page_request=true&menuHashes=b49d683c&_nocache=1480663732773803388 HTTP/1.1" 200 42075
::1 - - [02/Dec/2016:09:28:53 +0200] "GET /phpmyadmin/js/get_scripts.js.php?scripts[]=tbl_change.js&scripts[]=tbl_structure.js&scripts[]=gis_data_editor.js&scripts[]=makegrid.js&scripts[]=sql.js HTTP/1.1" 200 57302
::1 - - [02/Dec/2016:09:28:53 +0200] "GET /phpmyadmin/index.php?ajax_request=1&recent_table=1&token=ffc4768daf2d0fd75d4adf0882b49f85 HTTP/1.1" 200 234
::1 - - [02/Dec/2016:19:57:09 +0200] "GET /phpmyadmin/index.php?token=ffc4768daf2d0fd75d4adf0882b49f85 HTTP/1.1" 200 8091
::1 - - [02/Dec/2016:19:57:10 +0200] "GET /phpmyadmin/themes/pmahomme/jquery/jquery-ui-1.9.2.custom.css HTTP/1.1" 304 -
::1 - - [02/Dec/2016:19:57:10 +0200] "GET /phpmyadmin/phpmyadmin.css.php?server=1&token=ffc4768daf2d0fd75d4adf0882b49f85&nocache=4125195912ltr HTTP/1.1" 200 88608
::1 - - [02/Dec/2016:19:57:10 +0200] "GET /phpmyadmin/js/messages.php?lang=en&db=&server=0&token=ffc4768daf2d0fd75d4adf0882b49f85 HTTP/1.1" 200 16674
::1 - - [02/Dec/2016:19:57:10 +0200] "GET /phpmyadmin/js/get_image.js.php?theme=pmahomme HTTP/1.1" 200 6263
::1 - - [02/Dec/2016:19:57:10 +0200] "GET /phpmyadmin/js/get_scripts.js.php?scripts[]=jquery/jquery-1.8.3.js&scripts[]=ajax.js&scripts[]=keyhandler.js&scripts[]=jquery/jquery-ui-1.9.2.custom.js&scripts[]=jquery/jquery.sprintf.js&scripts[]=jquery/jquery.cookie.js&scripts[]=jquery/jquery.mousewheel.js&scripts[]=jquery/jquery.event.drag-2.2.js&scripts[]=jquery/jquery-ui-timepicker-addon.js&scripts[]=jquery/jquery.ba-hashchange-1.3.js&scripts[]=jquery/jquery.debounce-1.0.5.js&scripts[]=jquery/jquery.menuResizer-1.0.js&scripts[]=rte.js&scripts[]=functions.js&scripts[]=navigation.js&scripts[]=indexes.js&scripts[]=common.js&scripts[]=codemirror/lib/codemirror.js&scripts[]=codemirror/mode/mysql/mysql.js HTTP/1.1" 200 578562
::1 - - [02/Dec/2016:19:57:10 +0200] "GET /phpmyadmin/themes/pmahomme/img/logo_right.png HTTP/1.1" 304 -
::1 - - [02/Dec/2016:19:57:10 +0200] "GET /phpmyadmin/sql.php?db=medassign03&table=medontologylog&server=1&target=&token=ffc4768daf2d0fd75d4adf0882b49f85 HTTP/1.1" 200 8238
::1 - - [02/Dec/2016:19:57:10 +0200] "GET /phpmyadmin/js/messages.php?lang=en&db=medassign03&token=ffc4768daf2d0fd75d4adf0882b49f85 HTTP/1.1" 200 16674
::1 - - [02/Dec/2016:19:57:13 +0200] "POST /phpmyadmin/index.php HTTP/1.1" 302 -
::1 - - [02/Dec/2016:19:57:13 +0200] "GET /phpmyadmin/index.php?db=medassign03&table=medontologylog&target=sql.php&token=ffc4768daf2d0fd75d4adf0882b49f85 HTTP/1.1" 200 56982
::1 - - [02/Dec/2016:19:57:14 +0200] "GET /phpmyadmin/js/messages.php?lang=en&db=medassign03&server=0&token=ffc4768daf2d0fd75d4adf0882b49f85 HTTP/1.1" 200 16674
::1 - - [02/Dec/2016:19:57:14 +0200] "GET /phpmyadmin/js/get_scripts.js.php?scripts[]=jquery/jquery-1.8.3.js&scripts[]=ajax.js&scripts[]=keyhandler.js&scripts[]=jquery/jquery-ui-1.9.2.custom.js&scripts[]=jquery/jquery.sprintf.js&scripts[]=jquery/jquery.cookie.js&scripts[]=jquery/jquery.mousewheel.js&scripts[]=jquery/jquery.event.drag-2.2.js&scripts[]=jquery/jquery-ui-timepicker-addon.js&scripts[]=jquery/jquery.ba-hashchange-1.3.js&scripts[]=jquery/jquery.debounce-1.0.5.js&scripts[]=jquery/jquery.menuResizer-1.0.js&scripts[]=rte.js&scripts[]=functions.js&scripts[]=navigation.js&scripts[]=indexes.js&scripts[]=common.js&scripts[]=tbl_change.js&scripts[]=tbl_structure.js&scripts[]=gis_data_editor.js&scripts[]=makegrid.js&scripts[]=sql.js&scripts[]=codemirror/lib/codemirror.js&scripts[]=codemirror/mode/mysql/mysql.js HTTP/1.1" 200 635864
::1 - - [02/Dec/2016:19:57:14 +0200] "GET /phpmyadmin/phpmyadmin.css.php?server=1&token=ffc4768daf2d0fd75d4adf0882b49f85&nocache=5605859638ltr HTTP/1.1" 200 88608
::1 - - [02/Dec/2016:19:57:14 +0200] "GET /phpmyadmin/index.php?ajax_request=1&recent_table=1&token=ffc4768daf2d0fd75d4adf0882b49f85 HTTP/1.1" 200 234
